[07-Mar-2017 08:41:34 UTC] Erreur de la base de données WordPress Unknown column 'wp_' in 'field list' pour la requête SELECT wp_
[07-Mar-2017 14:08:49 UTC] Erreur de la base de données WordPress Table 'wp_woocommerce_sessions' already exists pour la requête 
CREATE TABLE wp_woocommerce_sessions (
  session_id bigint(20) NOT NULL AUTO_INCREMENT,
  session_key char(32) NOT NULL,
  session_value longtext NOT NULL,
  session_expiry bigint(20) NOT NULL,
  PRIMARY KEY  (session_key),
  UNIQUE KEY session_id (session_id)
) DEFAULT CHARACTER SET utf8mb4 COLLATE utf8mb4_unicode_ci faite par activate_plugin, do_action('activate_woocommerce/woocommerce.php'), WP_Hook->do_action, WP_Hook->apply_filters, call_user_func_array, WC_Install::install, WC_Install::create_tables, dbDelta
[07-Mar-2017 14:08:50 UTC] Erreur de la base de données WordPress Table 'wp_woocommerce_api_keys' already exists pour la requête 
CREATE TABLE wp_woocommerce_api_keys (
  key_id bigint(20) NOT NULL auto_increment,
  user_id bigint(20) NOT NULL,
  description longtext NULL,
  permissions varchar(10) NOT NULL,
  consumer_key char(64) NOT NULL,
  consumer_secret char(43) NOT NULL,
  nonces longtext NULL,
  truncated_key char(7) NOT NULL,
  last_access datetime NULL default null,
  PRIMARY KEY  (key_id),
  KEY consumer_key (consumer_key),
  KEY consumer_secret (consumer_secret)
) DEFAULT CHARACTER SET utf8mb4 COLLATE utf8mb4_unicode_ci faite par activate_plugin, do_action('activate_woocommerce/woocommerce.php'), WP_Hook->do_action, WP_Hook->apply_filters, call_user_func_array, WC_Install::install, WC_Install::create_tables, dbDelta
[07-Mar-2017 14:08:50 UTC] Erreur de la base de données WordPress Table 'wp_woocommerce_attribute_taxonomies' already exists pour la requête 
CREATE TABLE wp_woocommerce_attribute_taxonomies (
  attribute_id bigint(20) NOT NULL auto_increment,
  attribute_name varchar(200) NOT NULL,
  attribute_label longtext NULL,
  attribute_type varchar(200) NOT NULL,
  attribute_orderby varchar(200) NOT NULL,
  attribute_public int(1) NOT NULL DEFAULT 1,
  PRIMARY KEY  (attribute_id),
  KEY attribute_name (attribute_name(191))
) DEFAULT CHARACTER SET utf8mb4 COLLATE utf8mb4_unicode_ci faite par activate_plugin, do_action('activate_woocommerce/woocommerce.php'), WP_Hook->do_action, WP_Hook->apply_filters, call_user_func_array, WC_Install::install, WC_Install::create_tables, dbDelta
[07-Mar-2017 14:08:50 UTC] Erreur de la base de données WordPress Table 'wp_woocommerce_downloadable_product_permissions' already exists pour la requête 
CREATE TABLE wp_woocommerce_downloadable_product_permissions (
  permission_id bigint(20) NOT NULL auto_increment,
  download_id varchar(32) NOT NULL,
  product_id bigint(20) NOT NULL,
  order_id bigint(20) NOT NULL DEFAULT 0,
  order_key varchar(200) NOT NULL,
  user_email varchar(200) NOT NULL,
  user_id bigint(20) NULL,
  downloads_remaining varchar(9) NULL,
  access_granted datetime NOT NULL default '0000-00-00 00:00:00',
  access_expires datetime NULL default null,
  download_count bigint(20) NOT NULL DEFAULT 0,
  PRIMARY KEY  (permission_id),
  KEY download_order_key_product (product_id,order_id,order_key(191),download_id),
  KEY download_order_product (download_id,order_id,product_id)
) DEFAULT CHARACTER SET utf8mb4 COLLATE utf8mb4_unicode_ci faite par activate_plugin, do_action('activate_woocommerce/woocommerce.php'), WP_Hook->do_action, WP_Hook->apply_filters, call_user_func_array, WC_Install::install, WC_Install::create_tables, dbDelta
[07-Mar-2017 14:08:50 UTC] Erreur de la base de données WordPress Table 'wp_woocommerce_order_items' already exists pour la requête 
CREATE TABLE wp_woocommerce_order_items (
  order_item_id bigint(20) NOT NULL auto_increment,
  order_item_name longtext NOT NULL,
  order_item_type varchar(200) NOT NULL DEFAULT '',
  order_id bigint(20) NOT NULL,
  PRIMARY KEY  (order_item_id),
  KEY order_id (order_id)
) DEFAULT CHARACTER SET utf8mb4 COLLATE utf8mb4_unicode_ci faite par activate_plugin, do_action('activate_woocommerce/woocommerce.php'), WP_Hook->do_action, WP_Hook->apply_filters, call_user_func_array, WC_Install::install, WC_Install::create_tables, dbDelta
[07-Mar-2017 14:08:50 UTC] Erreur de la base de données WordPress Table 'wp_woocommerce_order_itemmeta' already exists pour la requête 
CREATE TABLE wp_woocommerce_order_itemmeta (
  meta_id bigint(20) NOT NULL auto_increment,
  order_item_id bigint(20) NOT NULL,
  meta_key varchar(255) default NULL,
  meta_value longtext NULL,
  PRIMARY KEY  (meta_id),
  KEY order_item_id (order_item_id),
  KEY meta_key (meta_key(191))
) DEFAULT CHARACTER SET utf8mb4 COLLATE utf8mb4_unicode_ci faite par activate_plugin, do_action('activate_woocommerce/woocommerce.php'), WP_Hook->do_action, WP_Hook->apply_filters, call_user_func_array, WC_Install::install, WC_Install::create_tables, dbDelta
[07-Mar-2017 14:08:50 UTC] Erreur de la base de données WordPress Table 'wp_woocommerce_tax_rates' already exists pour la requête 
CREATE TABLE wp_woocommerce_tax_rates (
  tax_rate_id bigint(20) NOT NULL auto_increment,
  tax_rate_country varchar(200) NOT NULL DEFAULT '',
  tax_rate_state varchar(200) NOT NULL DEFAULT '',
  tax_rate varchar(200) NOT NULL DEFAULT '',
  tax_rate_name varchar(200) NOT NULL DEFAULT '',
  tax_rate_priority bigint(20) NOT NULL,
  tax_rate_compound int(1) NOT NULL DEFAULT 0,
  tax_rate_shipping int(1) NOT NULL DEFAULT 1,
  tax_rate_order bigint(20) NOT NULL,
  tax_rate_class varchar(200) NOT NULL DEFAULT '',
  PRIMARY KEY  (tax_rate_id),
  KEY tax_rate_country (tax_rate_country(191)),
  KEY tax_rate_state (tax_rate_state(191)),
  KEY tax_rate_class (tax_rate_class(191)),
  KEY tax_rate_priority (tax_rate_priority)
) DEFAULT CHARACTER SET utf8mb4 COLLATE utf8mb4_unicode_ci faite par activate_plugin, do_action('activate_woocommerce/woocommerce.php'), WP_Hook->do_action, WP_Hook->apply_filters, call_user_func_array, WC_Install::install, WC_Install::create_tables, dbDelta
[07-Mar-2017 14:08:50 UTC] Erreur de la base de données WordPress Table 'wp_woocommerce_tax_rate_locations' already exists pour la requête 
CREATE TABLE wp_woocommerce_tax_rate_locations (
  location_id bigint(20) NOT NULL auto_increment,
  location_code varchar(255) NOT NULL,
  tax_rate_id bigint(20) NOT NULL,
  location_type varchar(40) NOT NULL,
  PRIMARY KEY  (location_id),
  KEY tax_rate_id (tax_rate_id),
  KEY location_type (location_type),
  KEY location_type_code (location_type(40),location_code(90))
) DEFAULT CHARACTER SET utf8mb4 COLLATE utf8mb4_unicode_ci faite par activate_plugin, do_action('activate_woocommerce/woocommerce.php'), WP_Hook->do_action, WP_Hook->apply_filters, call_user_func_array, WC_Install::install, WC_Install::create_tables, dbDelta
[07-Mar-2017 14:08:50 UTC] Erreur de la base de données WordPress Table 'wp_woocommerce_shipping_zones' already exists pour la requête 
CREATE TABLE wp_woocommerce_shipping_zones (
  zone_id bigint(20) NOT NULL auto_increment,
  zone_name varchar(255) NOT NULL,
  zone_order bigint(20) NOT NULL,
  PRIMARY KEY  (zone_id)
) DEFAULT CHARACTER SET utf8mb4 COLLATE utf8mb4_unicode_ci faite par activate_plugin, do_action('activate_woocommerce/woocommerce.php'), WP_Hook->do_action, WP_Hook->apply_filters, call_user_func_array, WC_Install::install, WC_Install::create_tables, dbDelta
[07-Mar-2017 14:08:50 UTC] Erreur de la base de données WordPress Table 'wp_woocommerce_shipping_zone_locations' already exists pour la requête 
CREATE TABLE wp_woocommerce_shipping_zone_locations (
  location_id bigint(20) NOT NULL auto_increment,
  zone_id bigint(20) NOT NULL,
  location_code varchar(255) NOT NULL,
  location_type varchar(40) NOT NULL,
  PRIMARY KEY  (location_id),
  KEY location_id (location_id),
  KEY location_type (location_type),
  KEY location_type_code (location_type(40),location_code(90))
) DEFAULT CHARACTER SET utf8mb4 COLLATE utf8mb4_unicode_ci faite par activate_plugin, do_action('activate_woocommerce/woocommerce.php'), WP_Hook->do_action, WP_Hook->apply_filters, call_user_func_array, WC_Install::install, WC_Install::create_tables, dbDelta
[07-Mar-2017 14:08:50 UTC] Erreur de la base de données WordPress Table 'wp_woocommerce_shipping_zone_methods' already exists pour la requête 
CREATE TABLE wp_woocommerce_shipping_zone_methods (
  zone_id bigint(20) NOT NULL,
  instance_id bigint(20) NOT NULL auto_increment,
  method_id varchar(255) NOT NULL,
  method_order bigint(20) NOT NULL,
  is_enabled tinyint(1) NOT NULL DEFAULT '1',
  PRIMARY KEY  (instance_id)
) DEFAULT CHARACTER SET utf8mb4 COLLATE utf8mb4_unicode_ci faite par activate_plugin, do_action('activate_woocommerce/woocommerce.php'), WP_Hook->do_action, WP_Hook->apply_filters, call_user_func_array, WC_Install::install, WC_Install::create_tables, dbDelta
[07-Mar-2017 14:08:50 UTC] Erreur de la base de données WordPress Table 'wp_woocommerce_payment_tokens' already exists pour la requête 
CREATE TABLE wp_woocommerce_payment_tokens (
  token_id bigint(20) NOT NULL auto_increment,
  gateway_id varchar(255) NOT NULL,
  token text NOT NULL,
  user_id bigint(20) NOT NULL DEFAULT '0',
  type varchar(255) NOT NULL,
  is_default tinyint(1) NOT NULL DEFAULT '0',
  PRIMARY KEY  (token_id),
  KEY user_id (user_id)
) DEFAULT CHARACTER SET utf8mb4 COLLATE utf8mb4_unicode_ci faite par activate_plugin, do_action('activate_woocommerce/woocommerce.php'), WP_Hook->do_action, WP_Hook->apply_filters, call_user_func_array, WC_Install::install, WC_Install::create_tables, dbDelta
[07-Mar-2017 14:08:50 UTC] Erreur de la base de données WordPress Table 'wp_woocommerce_payment_tokenmeta' already exists pour la requête 
CREATE TABLE wp_woocommerce_payment_tokenmeta (
  meta_id bigint(20) NOT NULL auto_increment,
  payment_token_id bigint(20) NOT NULL,
  meta_key varchar(255) NULL,
  meta_value longtext NULL,
  PRIMARY KEY  (meta_id),
  KEY payment_token_id (payment_token_id),
  KEY meta_key (meta_key(191))
) DEFAULT CHARACTER SET utf8mb4 COLLATE utf8mb4_unicode_ci faite par activate_plugin, do_action('activate_woocommerce/woocommerce.php'), WP_Hook->do_action, WP_Hook->apply_filters, call_user_func_array, WC_Install::install, WC_Install::create_tables, dbDelta
